<?xml version="1.0" encoding="UTF-8"?>
<!-- Generated by org.testng.reporters.JUnitReportReporter -->
<testsuite skipped="0" hostname="Santoshs-MacBook-Air.local" name="com.qa.testcases.PutAPITest" tests="1" failures="0" timestamp="2020-07-02T20:45:37 IST" time="0.782" errors="0">
  <testcase name="putCallAPI" time="0.782" classname="com.qa.testcases.PutAPITest"/>
  <system-out/>
</testsuite> <!-- com.qa.testcases.PutAPITest -->
