<?xml version="1.0" encoding="UTF-8"?>
<!-- Generated by org.testng.reporters.JUnitReportReporter -->
<testsuite skipped="0" hostname="Santoshs-MacBook-Air.local" name="com.qa.testcases.DeleteAPITest" tests="1" failures="0" timestamp="2020-07-02T20:45:32 IST" time="0.771" errors="0">
  <testcase name="deleteCallAPI" time="0.771" classname="com.qa.testcases.DeleteAPITest"/>
  <system-out/>
</testsuite> <!-- com.qa.testcases.DeleteAPITest -->
