<?xml version="1.0" encoding="UTF-8"?>
<!-- Generated by org.testng.reporters.JUnitReportReporter -->
<testsuite skipped="0" hostname="Santoshs-MacBook-Air.local" name="com.qa.testcases.GetAPITest" tests="1" failures="0" timestamp="2020-07-02T20:45:17 IST" time="20.053" errors="0">
  <testcase name="getCallAPI" time="20.053" classname="com.qa.testcases.GetAPITest"/>
  <system-out/>
</testsuite> <!-- com.qa.testcases.GetAPITest -->
