<?xml version="1.0" encoding="UTF-8"?>
<!-- Generated by org.testng.reporters.JUnitReportReporter -->
<testsuite skipped="0" hostname="Santoshs-MacBook-Air.local" name="com.qa.testcases.GetBigAPITest" tests="1" failures="0" timestamp="2020-07-03T09:51:30 IST" time="1.781" errors="0">
  <testcase name="validateBigGetAPI" time="1.781" classname="com.qa.testcases.GetBigAPITest"/>
  <system-out/>
</testsuite> <!-- com.qa.testcases.GetBigAPITest -->
