<?xml version="1.0" encoding="UTF-8"?>
<!-- Generated by org.testng.reporters.JUnitReportReporter -->
<testsuite skipped="0" hostname="Santoshs-MacBook-Air.local" name="com.qa.testcases.PostAndGetShopifyAPI" tests="1" failures="0" timestamp="2020-07-02T20:45:12 IST" time="4.766" errors="0">
  <testcase name="shopifyPostGetCallAPI" time="4.766" classname="com.qa.testcases.PostAndGetShopifyAPI"/>
  <system-out/>
</testsuite> <!-- com.qa.testcases.PostAndGetShopifyAPI -->
