<?xml version="1.0" encoding="UTF-8"?>
<!-- Generated by org.testng.reporters.JUnitReportReporter -->
<testsuite skipped="0" hostname="Santoshs-MacBook-Air.local" name="com.qa.testcases.GetAPITest" tests="1" failures="0" timestamp="2020-07-03T09:51:20 IST" time="5.647" errors="0">
  <testcase name="getCallAPI" time="5.647" classname="com.qa.testcases.GetAPITest"/>
  <system-out/>
</testsuite> <!-- com.qa.testcases.GetAPITest -->
